<?xml version="1.0" encoding="UTF-8"?>
<!-- Generated by org.testng.reporters.JUnitXMLReporter -->
<testsuite hostname="DESKTOP-1TK4TSS" failures="0" tests="9" name="Test" time="0.12" errors="0" timestamp="18 Jul 2022 11:03:10 GMT">
  <testcase classname="org.MavenProject.WelcomeTestNGTest" name="elephantTest" time="0.023"/>
  <testcase classname="org.MavenProject.WelcomeTestNGTest" name="lionTest" time="0.006"/>
  <testcase classname="org.MavenProject.WelcomeTestNGTest" name="tigerTest" time="0.002"/>
  <testcase classname="org.MavenProject.WelcomeTestNGTest" name="wolfTest" time="0.003"/>
  <testcase classname="org.MavenProject.FruitclassTest" name="bananaTest" time="0.002"/>
  <testcase classname="org.MavenProject.FruitclassTest" name="grapesTest" time="0.005"/>
  <testcase classname="org.MavenProject.FruitclassTest" name="guanaTest" time="0.002"/>
  <testcase classname="org.MavenProject.FruitclassTest" name="mangoTest" time="0.006"/>
  <testcase classname="org.MavenProject.FruitclassTest" name="waterMelon" time="0.009"/>
</testsuite> <!-- Test -->
