<?xml version="1.0" encoding="UTF-8"?>
<testng-results total="9" passed="9" failed="0" skipped="0">
  <reporter-output>
  </reporter-output>
  <suite started-at="2022-07-18T11:03:10Z" name="Suite" finished-at="2022-07-18T11:03:10Z" duration-ms="120">
    <groups>
    </groups>
    <test started-at="2022-07-18T11:03:10Z" name="Test" finished-at="2022-07-18T11:03:10Z" duration-ms="120">
      <class name="org.MavenProject.WelcomeTestNGTest">
        <test-method signature="elephantTest()[pri:0, instance:org.MavenProject.WelcomeTestNGTest@12a94400]" started-at="2022-07-18T16:33:10Z" name="elephantTest" finished-at="2022-07-18T16:33:10Z" duration-ms="23" status="PASS">
          <reporter-output>
          </reporter-output>
        </test-method> <!-- elephantTest -->
        <test-method signature="lionTest()[pri:0, instance:org.MavenProject.WelcomeTestNGTest@12a94400]" started-at="2022-07-18T16:33:10Z" name="lionTest" finished-at="2022-07-18T16:33:10Z" duration-ms="6" status="PASS">
          <reporter-output>
          </reporter-output>
        </test-method> <!-- lionTest -->
        <test-method signature="tigerTest()[pri:0, instance:org.MavenProject.WelcomeTestNGTest@12a94400]" started-at="2022-07-18T16:33:10Z" name="tigerTest" finished-at="2022-07-18T16:33:10Z" duration-ms="2" status="PASS">
          <reporter-output>
          </reporter-output>
        </test-method> <!-- tigerTest -->
        <test-method signature="wolfTest()[pri:0, instance:org.MavenProject.WelcomeTestNGTest@12a94400]" started-at="2022-07-18T16:33:10Z" name="wolfTest" finished-at="2022-07-18T16:33:10Z" duration-ms="3" status="PASS">
          <reporter-output>
          </reporter-output>
        </test-method> <!-- wolfTest -->
      </class> <!-- org.MavenProject.WelcomeTestNGTest -->
      <class name="org.MavenProject.FruitclassTest">
        <test-method signature="bananaTest()[pri:0, instance:org.MavenProject.FruitclassTest@46271dd6]" started-at="2022-07-18T16:33:10Z" name="bananaTest" finished-at="2022-07-18T16:33:10Z" duration-ms="2" status="PASS">
          <reporter-output>
          </reporter-output>
        </test-method> <!-- bananaTest -->
        <test-method signature="grapesTest()[pri:0, instance:org.MavenProject.FruitclassTest@46271dd6]" started-at="2022-07-18T16:33:10Z" name="grapesTest" finished-at="2022-07-18T16:33:10Z" duration-ms="5" status="PASS">
          <reporter-output>
          </reporter-output>
        </test-method> <!-- grapesTest -->
        <test-method signature="guanaTest()[pri:0, instance:org.MavenProject.FruitclassTest@46271dd6]" started-at="2022-07-18T16:33:10Z" name="guanaTest" finished-at="2022-07-18T16:33:10Z" duration-ms="2" status="PASS">
          <reporter-output>
          </reporter-output>
        </test-method> <!-- guanaTest -->
        <test-method signature="mangoTest()[pri:0, instance:org.MavenProject.FruitclassTest@46271dd6]" started-at="2022-07-18T16:33:10Z" name="mangoTest" finished-at="2022-07-18T16:33:10Z" duration-ms="6" status="PASS">
          <reporter-output>
          </reporter-output>
        </test-method> <!-- mangoTest -->
        <test-method signature="waterMelon()[pri:0, instance:org.MavenProject.FruitclassTest@46271dd6]" started-at="2022-07-18T16:33:10Z" name="waterMelon" finished-at="2022-07-18T16:33:10Z" duration-ms="9" status="PASS">
          <reporter-output>
          </reporter-output>
        </test-method> <!-- waterMelon -->
      </class> <!-- org.MavenProject.FruitclassTest -->
    </test> <!-- Test -->
  </suite> <!-- Suite -->
</testng-results>
