<?xml version="1.0" encoding="UTF-8"?>
<!-- Generated by org.testng.reporters.JUnitXMLReporter -->
<testsuite hostname="DESKTOP-1TK4TSS" failures="0" tests="5" name="Default test" time="0.064" errors="0" timestamp="18 Jul 2022 10:48:48 GMT">
  <testcase classname="org.MavenProject.FruitclassTest" name="bananaTest" time="0.019"/>
  <testcase classname="org.MavenProject.FruitclassTest" name="grapesTest" time="0.002"/>
  <testcase classname="org.MavenProject.FruitclassTest" name="guanaTest" time="0.003"/>
  <testcase classname="org.MavenProject.FruitclassTest" name="mangoTest" time="0.001"/>
  <testcase classname="org.MavenProject.FruitclassTest" name="waterMelon" time="0.001"/>
</testsuite> <!-- Default test -->
